<?xml version="1.0" encoding="UTF-8"?>
<!-- Generated by org.testng.reporters.JUnitReportReporter -->
<testsuite hostname="DESKTOP-RCNMJ2J" failures="0" tests="1" name="day2" time="0.011" errors="0" timestamp="2022-11-13T19:21:45 IST" skipped="0">
  <testcase classname="day2" name="demos1" time="0.011"/>
  <system-out/>
</testsuite> <!-- day2 -->
