<?xml version="1.0" encoding="UTF-8"?>
<!-- Generated by org.testng.reporters.JUnitReportReporter -->
<testsuite hostname="DESKTOP-RCNMJ2J" failures="0" tests="2" name="test.day1" time="0.005" errors="0" timestamp="13 Nov 2022 14:07:03 GMT" skipped="0">
  <testcase classname="test.day1" name="demo" time="0.002"/>
  <testcase classname="test.day1" name="demos" time="0.003"/>
</testsuite> <!-- test.day1 -->
