<?xml version="1.0" encoding="UTF-8"?>
<!-- Generated by org.testng.reporters.JUnitReportReporter -->
<testsuite hostname="DESKTOP-RCNMJ2J" failures="0" tests="2" name="day1" time="0.015" errors="0" timestamp="2022-11-13T19:21:15 IST" skipped="0">
  <testcase classname="day1" name="demo" time="0.012"/>
  <system-out/>
  <testcase classname="day1" name="demos" time="0.003"/>
  <system-out/>
</testsuite> <!-- day1 -->
