<?xml version="1.0" encoding="UTF-8"?>
<!-- Generated by org.testng.reporters.JUnitReportReporter -->
<testsuite hostname="DESKTOP-RCNMJ2J" failures="0" tests="1" name="test.day2" time="0.012" errors="0" timestamp="13 Nov 2022 14:07:03 GMT" skipped="0">
  <testcase classname="test.day2" name="demos1" time="0.012"/>
</testsuite> <!-- test.day2 -->
